Unity Editor version:    2020.3.27f1 (e759542391ea)
Branch:                  2020.3/release
Build type:              Release
Batch mode:              YES
macOS version:           Version 11.2.1 (Build 20D74)
Darwin version:          20.3.0
Architecture:            x86_64
Running under Rosetta:   NO
Available memory:        16384 MB
Using pre-set license
Pro License: NO

COMMAND LINE ARGUMENTS:
/Users/game1-16/Downloads/2020.3.27f1/Unity.app/Contents/MacOS/Unity
-adb2
-batchMode
-noUpm
-name
AssetImportWorker0
-projectPath
/Users/game1-16/ruby 2d
-logFile
Logs/AssetImportWorker0.log
-srvPort
52105
Successfully changed project path to: /Users/game1-16/ruby 2d
Could not lock editor preferences. Preferences updates for this instance of Unity will not be saved./Users/game1-16/ruby 2d
Using Asset Import Pipeline V2.
Refreshing native plugins compatible for Editor in 26.66 ms, found 2 plugins.
Preloading 0 native plugins for Editor in 0.00 ms.
Initialize engine version: 2020.3.27f1 (e759542391ea)
[Subsystems] Discovering subsystems at path /Users/game1-16/Downloads/2020.3.27f1/Unity.app/Contents/Resources/UnitySubsystems
[Subsystems] Discovering subsystems at path /Users/game1-16/ruby 2d/Assets
GfxDevice: creating device client; threaded=0
2023-03-28 09:01:24.081 Unity[2723:74831] iMac preferred device: AMD Radeon Pro 5500 XT (high power)
2023-03-28 09:01:24.081 Unity[2723:74831] Metal devices available: 1
2023-03-28 09:01:24.081 Unity[2723:74831] 0: AMD Radeon Pro 5500 XT (high power)
2023-03-28 09:01:24.081 Unity[2723:74831] Using device AMD Radeon Pro 5500 XT (high power)
Initializing Metal device caps: AMD Radeon Pro 5500 XT
Initialize mono
Mono path[0] = '/Users/game1-16/Downloads/2020.3.27f1/Unity.app/Contents/Managed'
Mono path[1] = '/Users/game1-16/Downloads/2020.3.27f1/Unity.app/Contents/MonoBleedingEdge/lib/mono/unityjit'
Mono config path = '/Users/game1-16/Downloads/2020.3.27f1/Unity.app/Contents/MonoBleedingEdge/etc'
Using monoOptions --debugger-agent=transport=dt_socket,embedding=1,server=y,suspend=n,address=127.0.0.1:56723
Begin MonoManager ReloadAssembly
Registering precompiled unity dll's ...
Register platform support module: /Users/game1-16/Downloads/2020.3.27f1/Unity.app/Contents/PlaybackEngines/MacStandaloneSupport/UnityEditor.OSXStandalone.Extensions.dll
Registered in 0.000412 seconds.
Native extension for OSXStandalone target not found
Refreshing native plugins compatible for Editor in 24.50 ms, found 2 plugins.
Preloading 0 native plugins for Editor in 0.00 ms.
Mono: successfully reloaded assembly
- Completed reload, in  0.507 seconds
Domain Reload Profiling:
	ReloadAssembly (507ms)
		BeginReloadAssembly (36ms)
			ExecutionOrderSort (0ms)
			DisableScriptedObjects (0ms)
			BackupInstance (0ms)
			ReleaseScriptingObjects (0ms)
			CreateAndSetChildDomain (1ms)
		EndReloadAssembly (407ms)
			LoadAssemblies (35ms)
			RebuildTransferFunctionScriptingTraits (0ms)
			SetupTypeCache (154ms)
			ReleaseScriptCaches (0ms)
			RebuildScriptCaches (32ms)
			SetupLoadedEditorAssemblies (149ms)
				LogAssemblyErrors (0ms)
				InitializePlatformSupportModulesInManaged (4ms)
				SetLoadedEditorAssemblies (0ms)
				RefreshPlugins (25ms)
				BeforeProcessingInitializeOnLoad (7ms)
				ProcessInitializeOnLoadAttributes (88ms)
				ProcessInitializeOnLoadMethodAttributes (25ms)
				AfterProcessingInitializeOnLoad (0ms)
				EditorAssembliesLoaded (0ms)
			ExecutionOrderSort2 (0ms)
			AwakeInstancesAfterBackupRestoration (0ms)
Platform modules already initialized, skipping
Registering precompiled user dll's ...
Registered in 0.004639 seconds.
Begin MonoManager ReloadAssembly
Native extension for OSXStandalone target not found
Refreshing native plugins compatible for Editor in 0.30 ms, found 2 plugins.
Preloading 0 native plugins for Editor in 0.00 ms.
Mono: successfully reloaded assembly
- Completed reload, in  0.908 seconds
Domain Reload Profiling:
	ReloadAssembly (909ms)
		BeginReloadAssembly (130ms)
			ExecutionOrderSort (0ms)
			DisableScriptedObjects (4ms)
			BackupInstance (0ms)
			ReleaseScriptingObjects (0ms)
			CreateAndSetChildDomain (25ms)
		EndReloadAssembly (724ms)
			LoadAssemblies (63ms)
			RebuildTransferFunctionScriptingTraits (0ms)
			SetupTypeCache (282ms)
			ReleaseScriptCaches (0ms)
			RebuildScriptCaches (44ms)
			SetupLoadedEditorAssemblies (241ms)
				LogAssemblyErrors (0ms)
				InitializePlatformSupportModulesInManaged (3ms)
				SetLoadedEditorAssemblies (0ms)
				RefreshPlugins (0ms)
				BeforeProcessingInitializeOnLoad (41ms)
				ProcessInitializeOnLoadAttributes (182ms)
				ProcessInitializeOnLoadMethodAttributes (12ms)
				AfterProcessingInitializeOnLoad (1ms)
				EditorAssembliesLoaded (0ms)
			ExecutionOrderSort2 (0ms)
			AwakeInstancesAfterBackupRestoration (6ms)
Platform modules already initialized, skipping
Validating Project structure ... 0.002396 seconds.
Shader import version has changed; will reimport all shaders...
Upgrading shader files ...0.002103 seconds.
Application.AssetDatabase Initial Script Refresh Start
RefreshInfo: InitialScriptRefreshV2(NoUpdateAssetOptions) scanfilter:  ... 1 filters
RefreshProfiler: Total: 0.000ms
Application.AssetDatabase Initial Script Refresh End
Application.AssetDatabase.Refresh Start
Application.AssetDatabase.Refresh End
RefreshInfo: StopAssetImportingV2(ForceSynchronousImport) scanfilter: 
RefreshProfiler: Total: 0.000ms
Launching external process: /Users/game1-16/Downloads/2020.3.27f1/Unity.app/Contents/Tools/UnityShaderCompiler
Launched and connected shader compiler UnityShaderCompiler after 0.01 seconds
Initializing Unity extensions:
========================================================================
Worker process is ready to serve import requests
Refreshing native plugins compatible for Editor in 0.16 ms, found 2 plugins.
Preloading 0 native plugins for Editor in 0.00 ms.
Unloading 1589 Unused Serialized files (Serialized files now loaded: 0)
System memory in use before: 181.1 MB.
System memory in use after: 180.3 MB.

Unloading 87 unused Assets to reduce memory usage. Loaded Objects now: 2064.
Total: 2.488701 ms (FindLiveObjects: 0.113809 ms CreateObjectMapping: 0.043361 ms MarkObjects: 1.963154 ms  DeleteObjects: 0.367835 ms)

AssetImportParameters requested are different than current active one (requested -> active):
  custom:video-decoder-ogg-theora: a1e56fd34408186e4bbccfd4996cb3dc -> 
  custom:container-muxer-webm: aa71ff27fc2769a1b78a27578f13a17b -> 
  custom:container-demuxer-webm: 4f35f7cbe854078d1ac9338744f61a02 -> 
  custom:container-demuxer-ogg: 62fdf1f143b41e24485cea50d1cbac27 -> 
  custom:video-encoder-webm-vp8: eb34c28f22e8b96e1ab97ce403110664 -> 
  custom:framework-osx-AVFoundation: e770b220cccbd017edd2c1fefb359320 -> 
  custom:video-decoder-webm-vp8: 9c59270c3fd7afecdb556c50c9e8de78 -> 
  custom:audio-decoder-ogg-vorbis: bf7c407c2cedff20999df2af8eb42d56 -> 
  custom:audio-encoder-webm-vorbis: bf7c407c2cedff20999df2af8eb42d56 -> 
========================================================================
Received Import Request.
  path: Assets/scripts/RubyController.cs
  artifactKey: Guid(635a2d139aa834dabac5dd6cae2e9b27) Importer(815301076,1909f56bfc062723c751e8b465ee728b)
Start importing Assets/scripts/RubyController.cs using Guid(635a2d139aa834dabac5dd6cae2e9b27) Importer(815301076,1909f56bfc062723c751e8b465ee728b)  -> (artifact id: 'c5b5cb0dfe19c691f8b8026f724f3d39') in 0.271406 seconds 
  Import took 0.276432 seconds .

========================================================================
Received Import Request.
  Time since last request: 147.224521 seconds.
  path: Assets/New Folder
  artifactKey: Guid(d23033063af0e4f2284906785422e84b) Importer(815301076,1909f56bfc062723c751e8b465ee728b)
Start importing Assets/New Folder using Guid(d23033063af0e4f2284906785422e84b) Importer(815301076,1909f56bfc062723c751e8b465ee728b)  -> (artifact id: '544622be06e5bd91ba07c0858917f2e0') in 0.001735 seconds 
  Import took 0.004088 seconds .

========================================================================
Received Import Request.
  Time since last request: 5.337099 seconds.
  path: Assets/Scenes
  artifactKey: Guid(4586d5e12fe7940feb71855ab169609e) Importer(815301076,1909f56bfc062723c751e8b465ee728b)
Start importing Assets/Scenes using Guid(4586d5e12fe7940feb71855ab169609e) Importer(815301076,1909f56bfc062723c751e8b465ee728b)  -> (artifact id: '7a83a2725c76cc860f1df59fd70e138c') in 0.001011 seconds 
  Import took 0.003835 seconds .

========================================================================
Received Import Request.
  Time since last request: 12.216657 seconds.
  path: Assets/pre fabs
  artifactKey: Guid(d23033063af0e4f2284906785422e84b) Importer(815301076,1909f56bfc062723c751e8b465ee728b)
Start importing Assets/pre fabs using Guid(d23033063af0e4f2284906785422e84b) Importer(815301076,1909f56bfc062723c751e8b465ee728b)  -> (artifact id: '2372776aa0c7adc2fd10afb1ae00579d') in 0.000753 seconds 
  Import took 0.003508 seconds .

========================================================================
Received Import Request.
  Time since last request: 7.650644 seconds.
  path: Assets/pre fabs/ruby.prefab
  artifactKey: Guid(355a5d87eef4d4d16a5649444054defa) Importer(815301076,1909f56bfc062723c751e8b465ee728b)
Start importing Assets/pre fabs/ruby.prefab using Guid(355a5d87eef4d4d16a5649444054defa) Importer(815301076,1909f56bfc062723c751e8b465ee728b)  -> (artifact id: 'b7b45d9fb1a300cec62de41dfabf52b4') in 0.872122 seconds 
  Import took 0.877182 seconds .

AssetImportWorkerClient::OnTransportError - code=2 error=End of file
